<?xml version="1.0" encoding="UTF-8"?>
<!-- Generated by org.testng.reporters.JUnitXMLReporter -->
<testsuite ignored="2" hostname="Muras-MB-Pro.local" failures="4" tests="17" name="Test" time="442.528" errors="0" timestamp="2025-04-28T11:57:52 PDT">
  <testcase classname="com.Automation.Tests.LoginTest" name="forgotPasswordTest" time="6.384"/>
  <testcase classname="com.Automation.Tests.LoginTest" name="invalidLoginTest" time="10.828"/>
  <testcase classname="com.Automation.Tests.LoginTest" name="invalidLoginTest" time="16.577"/>
  <testcase classname="com.Automation.Tests.LoginTest" name="invalidLoginTest" time="9.741"/>
  <testcase classname="com.Automation.Tests.LoginTest" name="invalidLoginTest" time="16.88"/>
  <testcase classname="com.Automation.Tests.LoginTest" name="invalidLoginTest" time="16.255"/>
  <testcase classname="com.Automation.Tests.LoginTest" name="invalidLoginTest" time="16.468"/>
  <testcase classname="com.Automation.Tests.LoginTest" name="invalidLoginTest" time="9.527"/>
  <testcase classname="com.Automation.Tests.LoginTest" name="invalidLoginTest" time="10.948"/>
  <testcase classname="com.Automation.Tests.LoginTest" name="invalidLoginTest" time="16.585"/>
  <testcase classname="com.Automation.Tests.LoginTest" name="logoutTest" time="13.848">
    <failure type="java.lang.AssertionError" message="expected [true] but found [false]">
      <![CDATA[java.lang.AssertionError: expected [true] but found [false]
at com.Automation.Tests.LoginTest.logoutTest(LoginTest.java:118)
at java.base/java.util.ArrayList.forEach(ArrayList.java:1596)
at java.base/java.util.concurrent.FutureTask.run(FutureTask.java:317)
at java.base/java.util.concurrent.ThreadPoolExecutor.runWorker(ThreadPoolExecutor.java:1144)
at java.base/java.util.concurrent.ThreadPoolExecutor$Worker.run(ThreadPoolExecutor.java:642)
at java.base/java.lang.Thread.run(Thread.java:1583)
... Removed 19 stack frames]]>
    </failure>
  </testcase> <!-- logoutTest -->
  <testcase classname="com.Automation.Tests.LoginTest" name="rememberMeTest" time="10.199"/>
  <testcase classname="com.Automation.Tests.LoginTest" name="validLoginTest" time="11.172"/>
  <testcase classname="com.Automation.Tests.UserMenuDropDownTest" name="developerConsoleTest" time="9.037">
    <failure type="java.lang.AssertionError" message="Login failed or not on Landed on Home Page expected [true] but found [false]">
      <![CDATA[java.lang.AssertionError: Login failed or not on Landed on Home Page expected [true] but found [false]
at com.Automation.Base.BaseTest.performValidLogin(BaseTest.java:135)
at com.Automation.Tests.UserMenuDropDownTest.developerConsoleTest(UserMenuDropDownTest.java:132)
at java.base/java.util.ArrayList.forEach(ArrayList.java:1596)
at java.base/java.util.concurrent.FutureTask.run(FutureTask.java:317)
at java.base/java.util.concurrent.ThreadPoolExecutor.runWorker(ThreadPoolExecutor.java:1144)
at java.base/java.util.concurrent.ThreadPoolExecutor$Worker.run(ThreadPoolExecutor.java:642)
at java.base/java.lang.Thread.run(Thread.java:1583)
... Removed 18 stack frames]]>
    </failure>
  </testcase> <!-- developerConsoleTest -->
  <testcase classname="com.Automation.Tests.UserMenuDropDownTest" name="myProfileTest" time="110.843">
    <failure type="org.openqa.selenium.TimeoutException" message="Expected condition failed: waiting for frame to be available: Proxy element for: DefaultElementLocator &amp;apos;By.id: contactInfoContentId&amp;apos; (tried for 60 second(s) with 500 milliseconds interval)">
      <![CDATA[org.openqa.selenium.TimeoutException: Expected condition failed: waiting for frame to be available: Proxy element for: DefaultElementLocator 'By.id: contactInfoContentId' (tried for 60 second(s) with 500 milliseconds interval)
at org.openqa.selenium.support.ui.WebDriverWait.timeoutException(WebDriverWait.java:95)
at org.openqa.selenium.support.ui.FluentWait.until(FluentWait.java:272)
at com.Automation.Pages.Base.BasePage.waitForIframe(BasePage.java:296)
at com.Automation.Pages.MyProfilePage.profileEditContactIframe(MyProfilePage.java:134)
at com.Automation.Tests.UserMenuDropDownTest.myProfileTest(UserMenuDropDownTest.java:54)
at java.base/java.util.ArrayList.forEach(ArrayList.java:1596)
at java.base/java.util.concurrent.FutureTask.run(FutureTask.java:317)
at java.base/java.util.concurrent.ThreadPoolExecutor.runWorker(ThreadPoolExecutor.java:1144)
at java.base/java.util.concurrent.ThreadPoolExecutor$Worker.run(ThreadPoolExecutor.java:642)
at java.base/java.lang.Thread.run(Thread.java:1583)
Caused by: org.openqa.selenium.NoSuchElementException: no such element: Unable to locate element: {"method":"css selector","selector":"#contactInfoContentId"}
  (Session info: chrome=135.0.7049.115)
For documentation on this error, please visit: https://www.seleniumhq.org/exceptions/no_such_element.html
Build info: version: '3.141.59', revision: 'e82be7d358', time: '2018-11-14T08:17:03'
System info: host: 'Muras-MB-Pro.local', ip: '2601:646:8981:c560:2da8:2076:2d1f:2e3e%en0', os.name: 'Mac OS X', os.arch: 'aarch64', os.version: '15.4', java.version: '21.0.5'
Driver info: org.openqa.selenium.chrome.ChromeDriver
Capabilities {acceptInsecureCerts: false, browserName: chrome, browserVersion: 135.0.7049.115, chrome: {chromedriverVersion: 135.0.7049.114 (63fd8a7d9d0..., userDataDir: /var/folders/1c/cj98x4bx77s...}, fedcm:accounts: true, goog:chromeOptions: {debuggerAddress: localhost:54276}, javascriptEnabled: true, networkConnectionEnabled: false, pageLoadStrategy: normal, platform: MAC, platformName: MAC, proxy: Proxy(), setWindowRect: true, strictFileInteractability: false, timeouts: {implicit: 0, pageLoad: 300000, script: 30000}, unhandledPromptBehavior: dismiss and notify, webauthn:extension:credBlob: true, webauthn:extension:largeBlob: true, webauthn:extension:minPinLength: true, webauthn:extension:prf: true, webauthn:virtualAuthenticators: true}
Session ID: 222a3540703740870d4bc37e8d3a29f2
*** Element info: {Using=id, value=contactInfoContentId}
at org.openqa.selenium.remote.http.W3CHttpResponseCodec.createException(W3CHttpResponseCodec.java:187)
at org.openqa.selenium.remote.http.W3CHttpResponseCodec.decode(W3CHttpResponseCodec.java:122)
at org.openqa.selenium.remote.http.W3CHttpResponseCodec.decode(W3CHttpResponseCodec.java:49)
at org.openqa.selenium.remote.HttpCommandExecutor.execute(HttpCommandExecutor.java:158)
at org.openqa.selenium.remote.service.DriverCommandExecutor.execute(DriverCommandExecutor.java:83)
at org.openqa.selenium.remote.RemoteWebDriver.execute(RemoteWebDriver.java:552)
at org.openqa.selenium.remote.RemoteWebDriver.findElement(RemoteWebDriver.java:323)
at org.openqa.selenium.remote.RemoteWebDriver.findElementById(RemoteWebDriver.java:372)
at org.openqa.selenium.By$ById.findElement(By.java:188)
at org.openqa.selenium.remote.RemoteWebDriver.findElement(RemoteWebDriver.java:315)
at org.openqa.selenium.support.pagefactory.DefaultElementLocator.findElement(DefaultElementLocator.java:69)
at org.openqa.selenium.support.pagefactory.internal.LocatingElementHandler.invoke(LocatingElementHandler.java:38)
at jdk.proxy2/jdk.proxy2.$Proxy32.getWrappedElement(Unknown Source)
at org.openqa.selenium.remote.internal.WebElementToJsonConverter.apply(WebElementToJsonConverter.java:50)
at org.openqa.selenium.remote.RemoteWebDriver$RemoteTargetLocator.frame(RemoteWebDriver.java:891)
at org.openqa.selenium.support.ui.ExpectedConditions$19.apply(ExpectedConditions.java:553)
at org.openqa.selenium.support.ui.ExpectedConditions$19.apply(ExpectedConditions.java:549)
at org.openqa.selenium.support.ui.FluentWait.until(FluentWait.java:249)
... 23 more
... Removed 18 stack frames]]>
    </failure>
  </testcase> <!-- myProfileTest -->
  <testcase classname="com.Automation.Tests.UserMenuDropDownTest" name="mySettingsTest" time="23.245">
    <failure type="java.lang.AssertionError">
      <![CDATA[java.lang.AssertionError: 
at com.Automation.Tests.UserMenuDropDownTest.mySettingsTest(UserMenuDropDownTest.java:87)
at java.base/java.util.ArrayList.forEach(ArrayList.java:1596)
at java.base/java.util.concurrent.FutureTask.run(FutureTask.java:317)
at java.base/java.util.concurrent.ThreadPoolExecutor.runWorker(ThreadPoolExecutor.java:1144)
at java.base/java.util.concurrent.ThreadPoolExecutor$Worker.run(ThreadPoolExecutor.java:642)
at java.base/java.lang.Thread.run(Thread.java:1583)
... Removed 18 stack frames]]>
    </failure>
  </testcase> <!-- mySettingsTest -->
  <testcase classname="com.Automation.Tests.UserMenuDropDownTest" name="userMenuTest" time="16.079"/>
  <testcase classname="com.Automation.Base.BaseTest" name="@BeforeSuite setup" time="0.0">
    <ignored/>
  </testcase> <!-- @BeforeSuite setup -->
  <testcase classname="com.Automation.Base.BaseTest" name="@AfterSuite tearDown" time="0.0">
    <ignored/>
  </testcase> <!-- @AfterSuite tearDown -->
</testsuite> <!-- Test -->
