<!DOCTYPE html PUBLIC "-//W3C//DTD XHTML 1.1//EN" "https://www.w3.org/TR/xhtml11/DTD/xhtml11.dtd">
<html xmlns="https://www.w3.org/1999/xhtml">
<head>
<meta http-equiv="content-type" content="text/html; charset=UTF-8"/>
<title>TestNG Report</title>
<style type="text/css">table {margin-bottom:10px;border-collapse:collapse;empty-cells:show}th,td {border:1px solid #009;padding:.25em .5em}th {vertical-align:bottom}td {vertical-align:top}table a {font-weight:bold}.stripe td {background-color: #E6EBF9}.num {text-align:right}.passedodd td {background-color: #3F3}.passedeven td {background-color: #0A0}.skippedodd td {background-color: #DDD}.skippedeven td {background-color: #CCC}.failedodd td,.attn {background-color: #F33}.failedeven td,.stripe .attn {background-color: #D00}.stacktrace {white-space:pre;font-family:monospace}.totop {font-size:85%;text-align:center;border-bottom:2px solid #000}.invisible {display:none}</style>
</head>
<body>
<table>
<tr><th>Test</th><th># Passed</th><th># Skipped</th><th># Retried</th><th># Failed</th><th>Time (ms)</th><th>Included Groups</th><th>Excluded Groups</th></tr>
<tr><th colspan="8">Suite</th></tr>
<tr><td><a href="#t0">Test</a></td><td class="num">13</td><td class="num">0</td><td class="num">0</td><td class="num attn">4</td><td class="num">442,528</td><td></td><td></td></tr>
</table>
<table id='summary'><thead><tr><th>Class</th><th>Method</th><th>Start</th><th>Time (ms)</th></tr></thead><tbody><tr><th colspan="4">Suite</th></tr></tbody><tbody id="t0"><tr><th colspan="4">Test &#8212; failed</th></tr><tr class="failedeven"><td rowspan="1">com.Automation.Tests.LoginTest</td><td><a href="#m0">logoutTest</a></td><td rowspan="1">1745866432495</td><td rowspan="1">13848</td></tr><tr class="failedodd"><td rowspan="3">com.Automation.Tests.UserMenuDropDownTest</td><td><a href="#m1">developerConsoleTest</a></td><td rowspan="1">1745866487624</td><td rowspan="1">9037</td></tr><tr class="failedodd"><td><a href="#m2">myProfileTest</a></td><td rowspan="1">1745866504849</td><td rowspan="1">110843</td></tr><tr class="failedodd"><td><a href="#m3">mySettingsTest</a></td><td rowspan="1">1745866622829</td><td rowspan="1">23245</td></tr><tr><th colspan="4">Test &#8212; passed</th></tr><tr class="passedeven"><td rowspan="12">com.Automation.Tests.LoginTest</td><td><a href="#m4">forgotPasswordTest</a></td><td rowspan="1">1745866234388</td><td rowspan="1">6384</td></tr><tr class="passedeven"><td><a href="#m5">invalidLoginTest</a></td><td rowspan="9">1745866391819</td><td rowspan="9">10948</td></tr><tr class="passedeven"><td><a href="#m6">invalidLoginTest</a></td></tr><tr class="passedeven"><td><a href="#m7">invalidLoginTest</a></td></tr><tr class="passedeven"><td><a href="#m8">invalidLoginTest</a></td></tr><tr class="passedeven"><td><a href="#m9">invalidLoginTest</a></td></tr><tr class="passedeven"><td><a href="#m10">invalidLoginTest</a></td></tr><tr class="passedeven"><td><a href="#m11">invalidLoginTest</a></td></tr><tr class="passedeven"><td><a href="#m12">invalidLoginTest</a></td></tr><tr class="passedeven"><td><a href="#m13">invalidLoginTest</a></td></tr><tr class="passedeven"><td><a href="#m14">rememberMeTest</a></td><td rowspan="1">1745866453152</td><td rowspan="1">10199</td></tr><tr class="passedeven"><td><a href="#m15">validLoginTest</a></td><td rowspan="1">1745866469881</td><td rowspan="1">11172</td></tr><tr class="passedodd"><td rowspan="1">com.Automation.Tests.UserMenuDropDownTest</td><td><a href="#m16">userMenuTest</a></td><td rowspan="1">1745866653018</td><td rowspan="1">16079</td></tr></tbody>
</table>
<h2>Test</h2><h3 id="m0">com.Automation.Tests.LoginTest#logoutTest</h3><table class="result"><tr><th>Exception</th></tr><tr><td><div class="stacktrace">java.lang.AssertionError: expected [true] but found [false]
	at com.Automation.Tests.LoginTest.logoutTest(LoginTest.java:118)
	at java.base/java.util.ArrayList.forEach(ArrayList.java:1596)
	at java.base/java.util.concurrent.FutureTask.run(FutureTask.java:317)
	at java.base/java.util.concurrent.ThreadPoolExecutor.runWorker(ThreadPoolExecutor.java:1144)
	at java.base/java.util.concurrent.ThreadPoolExecutor$Worker.run(ThreadPoolExecutor.java:642)
	at java.base/java.lang.Thread.run(Thread.java:1583)
... Removed 19 stack frames</div></td></tr></table><p class="totop"><a href="#summary">back to summary</a></p>
<h3 id="m1">com.Automation.Tests.UserMenuDropDownTest#developerConsoleTest</h3><table class="result"><tr><th>Exception</th></tr><tr><td><div class="stacktrace">java.lang.AssertionError: Login failed or not on Landed on Home Page expected [true] but found [false]
	at com.Automation.Base.BaseTest.performValidLogin(BaseTest.java:135)
	at com.Automation.Tests.UserMenuDropDownTest.developerConsoleTest(UserMenuDropDownTest.java:132)
	at java.base/java.util.ArrayList.forEach(ArrayList.java:1596)
	at java.base/java.util.concurrent.FutureTask.run(FutureTask.java:317)
	at java.base/java.util.concurrent.ThreadPoolExecutor.runWorker(ThreadPoolExecutor.java:1144)
	at java.base/java.util.concurrent.ThreadPoolExecutor$Worker.run(ThreadPoolExecutor.java:642)
	at java.base/java.lang.Thread.run(Thread.java:1583)
... Removed 18 stack frames</div></td></tr></table><p class="totop"><a href="#summary">back to summary</a></p>
<h3 id="m2">com.Automation.Tests.UserMenuDropDownTest#myProfileTest</h3><table class="result"><tr><th>Exception</th></tr><tr><td><div class="stacktrace">org.openqa.selenium.TimeoutException: Expected condition failed: waiting for frame to be available: Proxy element for: DefaultElementLocator &apos;By.id: contactInfoContentId&apos; (tried for 60 second(s) with 500 milliseconds interval)
	at org.openqa.selenium.support.ui.WebDriverWait.timeoutException(WebDriverWait.java:95)
	at org.openqa.selenium.support.ui.FluentWait.until(FluentWait.java:272)
	at com.Automation.Pages.Base.BasePage.waitForIframe(BasePage.java:296)
	at com.Automation.Pages.MyProfilePage.profileEditContactIframe(MyProfilePage.java:134)
	at com.Automation.Tests.UserMenuDropDownTest.myProfileTest(UserMenuDropDownTest.java:54)
	at java.base/java.util.ArrayList.forEach(ArrayList.java:1596)
	at java.base/java.util.concurrent.FutureTask.run(FutureTask.java:317)
	at java.base/java.util.concurrent.ThreadPoolExecutor.runWorker(ThreadPoolExecutor.java:1144)
	at java.base/java.util.concurrent.ThreadPoolExecutor$Worker.run(ThreadPoolExecutor.java:642)
	at java.base/java.lang.Thread.run(Thread.java:1583)
Caused by: org.openqa.selenium.NoSuchElementException: no such element: Unable to locate element: {&quot;method&quot;:&quot;css selector&quot;,&quot;selector&quot;:&quot;#contactInfoContentId&quot;}
  (Session info: chrome=135.0.7049.115)
For documentation on this error, please visit: https://www.seleniumhq.org/exceptions/no_such_element.html
Build info: version: &apos;3.141.59&apos;, revision: &apos;e82be7d358&apos;, time: &apos;2018-11-14T08:17:03&apos;
System info: host: &apos;Muras-MB-Pro.local&apos;, ip: &apos;2601:646:8981:c560:2da8:2076:2d1f:2e3e%en0&apos;, os.name: &apos;Mac OS X&apos;, os.arch: &apos;aarch64&apos;, os.version: &apos;15.4&apos;, java.version: &apos;21.0.5&apos;
Driver info: org.openqa.selenium.chrome.ChromeDriver
Capabilities {acceptInsecureCerts: false, browserName: chrome, browserVersion: 135.0.7049.115, chrome: {chromedriverVersion: 135.0.7049.114 (63fd8a7d9d0..., userDataDir: /var/folders/1c/cj98x4bx77s...}, fedcm:accounts: true, goog:chromeOptions: {debuggerAddress: localhost:54276}, javascriptEnabled: true, networkConnectionEnabled: false, pageLoadStrategy: normal, platform: MAC, platformName: MAC, proxy: Proxy(), setWindowRect: true, strictFileInteractability: false, timeouts: {implicit: 0, pageLoad: 300000, script: 30000}, unhandledPromptBehavior: dismiss and notify, webauthn:extension:credBlob: true, webauthn:extension:largeBlob: true, webauthn:extension:minPinLength: true, webauthn:extension:prf: true, webauthn:virtualAuthenticators: true}
Session ID: 222a3540703740870d4bc37e8d3a29f2
*** Element info: {Using=id, value=contactInfoContentId}
	at org.openqa.selenium.remote.http.W3CHttpResponseCodec.createException(W3CHttpResponseCodec.java:187)
	at org.openqa.selenium.remote.http.W3CHttpResponseCodec.decode(W3CHttpResponseCodec.java:122)
	at org.openqa.selenium.remote.http.W3CHttpResponseCodec.decode(W3CHttpResponseCodec.java:49)
	at org.openqa.selenium.remote.HttpCommandExecutor.execute(HttpCommandExecutor.java:158)
	at org.openqa.selenium.remote.service.DriverCommandExecutor.execute(DriverCommandExecutor.java:83)
	at org.openqa.selenium.remote.RemoteWebDriver.execute(RemoteWebDriver.java:552)
	at org.openqa.selenium.remote.RemoteWebDriver.findElement(RemoteWebDriver.java:323)
	at org.openqa.selenium.remote.RemoteWebDriver.findElementById(RemoteWebDriver.java:372)
	at org.openqa.selenium.By$ById.findElement(By.java:188)
	at org.openqa.selenium.remote.RemoteWebDriver.findElement(RemoteWebDriver.java:315)
	at org.openqa.selenium.support.pagefactory.DefaultElementLocator.findElement(DefaultElementLocator.java:69)
	at org.openqa.selenium.support.pagefactory.internal.LocatingElementHandler.invoke(LocatingElementHandler.java:38)
	at jdk.proxy2/jdk.proxy2.$Proxy32.getWrappedElement(Unknown Source)
	at org.openqa.selenium.remote.internal.WebElementToJsonConverter.apply(WebElementToJsonConverter.java:50)
	at org.openqa.selenium.remote.RemoteWebDriver$RemoteTargetLocator.frame(RemoteWebDriver.java:891)
	at org.openqa.selenium.support.ui.ExpectedConditions$19.apply(ExpectedConditions.java:553)
	at org.openqa.selenium.support.ui.ExpectedConditions$19.apply(ExpectedConditions.java:549)
	at org.openqa.selenium.support.ui.FluentWait.until(FluentWait.java:249)
	... 23 more
... Removed 18 stack frames</div></td></tr></table><p class="totop"><a href="#summary">back to summary</a></p>
<h3 id="m3">com.Automation.Tests.UserMenuDropDownTest#mySettingsTest</h3><table class="result"><tr><th>Exception</th></tr><tr><td><div class="stacktrace">java.lang.AssertionError: 
	at com.Automation.Tests.UserMenuDropDownTest.mySettingsTest(UserMenuDropDownTest.java:87)
	at java.base/java.util.ArrayList.forEach(ArrayList.java:1596)
	at java.base/java.util.concurrent.FutureTask.run(FutureTask.java:317)
	at java.base/java.util.concurrent.ThreadPoolExecutor.runWorker(ThreadPoolExecutor.java:1144)
	at java.base/java.util.concurrent.ThreadPoolExecutor$Worker.run(ThreadPoolExecutor.java:642)
	at java.base/java.lang.Thread.run(Thread.java:1583)
... Removed 18 stack frames</div></td></tr></table><p class="totop"><a href="#summary">back to summary</a></p>
<h3 id="m4">com.Automation.Tests.LoginTest#forgotPasswordTest</h3><table class="result"><tr><th class="invisible"/></tr></table><p class="totop"><a href="#summary">back to summary</a></p>
<h3 id="m5">com.Automation.Tests.LoginTest#invalidLoginTest</h3><table class="result"><tr class="param"><th>Parameter #1</th><th>Parameter #2</th><th>Parameter #3</th></tr><tr class="param stripe"><td>amirtha.c.panneer126@agentforce.com</td><td>fghj</td><td>n</td></tr></table><p class="totop"><a href="#summary">back to summary</a></p>
<h3 id="m6">com.Automation.Tests.LoginTest#invalidLoginTest</h3><table class="result"><tr class="param"><th>Parameter #1</th><th>Parameter #2</th><th>Parameter #3</th></tr><tr class="param stripe"><td>amirtha.c.panneer126@agentforce</td><td>amirthajava123</td><td>n</td></tr></table><p class="totop"><a href="#summary">back to summary</a></p>
<h3 id="m7">com.Automation.Tests.LoginTest#invalidLoginTest</h3><table class="result"><tr class="param"><th>Parameter #1</th><th>Parameter #2</th><th>Parameter #3</th></tr><tr class="param stripe"><td>amirtha.c.panneer126@agentforce.com</td><td>1234.0</td><td>n</td></tr></table><p class="totop"><a href="#summary">back to summary</a></p>
<h3 id="m8">com.Automation.Tests.LoginTest#invalidLoginTest</h3><table class="result"><tr class="param"><th>Parameter #1</th><th>Parameter #2</th><th>Parameter #3</th></tr><tr class="param stripe"><td>amirtha@agentforce.com</td><td>amirthajava123</td><td>n</td></tr></table><p class="totop"><a href="#summary">back to summary</a></p>
<h3 id="m9">com.Automation.Tests.LoginTest#invalidLoginTest</h3><table class="result"><tr class="param"><th>Parameter #1</th><th>Parameter #2</th><th>Parameter #3</th></tr><tr class="param stripe"><td>c.panneer126@agentforce.com</td><td>amirthajava123</td><td>n</td></tr></table><p class="totop"><a href="#summary">back to summary</a></p>
<h3 id="m10">com.Automation.Tests.LoginTest#invalidLoginTest</h3><table class="result"><tr class="param"><th>Parameter #1</th><th>Parameter #2</th><th>Parameter #3</th></tr><tr class="param stripe"><td>amirtha.c.panneer126@agentforce.com</td><td>amirthajava</td><td>n</td></tr></table><p class="totop"><a href="#summary">back to summary</a></p>
<h3 id="m11">com.Automation.Tests.LoginTest#invalidLoginTest</h3><table class="result"><tr class="param"><th>Parameter #1</th><th>Parameter #2</th><th>Parameter #3</th></tr><tr class="param stripe"><td>amirtha.panneer126@agentforce.com</td><td>amirthajava123</td><td>n</td></tr></table><p class="totop"><a href="#summary">back to summary</a></p>
<h3 id="m12">com.Automation.Tests.LoginTest#invalidLoginTest</h3><table class="result"><tr class="param"><th>Parameter #1</th><th>Parameter #2</th><th>Parameter #3</th></tr><tr class="param stripe"><td>amirtha.c.126@agentforce.com</td><td>amirthajava123</td><td>n</td></tr></table><p class="totop"><a href="#summary">back to summary</a></p>
<h3 id="m13">com.Automation.Tests.LoginTest#invalidLoginTest</h3><table class="result"><tr class="param"><th>Parameter #1</th><th>Parameter #2</th><th>Parameter #3</th></tr><tr class="param stripe"><td>amirtha.c.panneer@agentforce.com</td><td>asdfg</td><td>n</td></tr></table><p class="totop"><a href="#summary">back to summary</a></p>
<h3 id="m14">com.Automation.Tests.LoginTest#rememberMeTest</h3><table class="result"><tr><th class="invisible"/></tr></table><p class="totop"><a href="#summary">back to summary</a></p>
<h3 id="m15">com.Automation.Tests.LoginTest#validLoginTest</h3><table class="result"><tr class="param"><th>Parameter #1</th><th>Parameter #2</th><th>Parameter #3</th></tr><tr class="param stripe"><td>amirtha.c.panneer126@agentforce.com</td><td>amirthajava123</td><td>y</td></tr></table><p class="totop"><a href="#summary">back to summary</a></p>
<h3 id="m16">com.Automation.Tests.UserMenuDropDownTest#userMenuTest</h3><table class="result"><tr><th class="invisible"/></tr></table><p class="totop"><a href="#summary">back to summary</a></p>
</body>
</html>
